  quiz01.cpp
C:\Users\Jeaik\Desktop\IK\10. git\2020_winter_vacation\K_Algorithm\exercise_02\quiz01\quiz01\quiz01.cpp(8,6): error C2039:  'vector': is not a member of 'std'
C:\Program Files (x86)\Microsoft Visual Studio\2019\Community\VC\Tools\MSVC\14.22.27905\include\iostream(14): message :  see declaration of 'std'
C:\Users\Jeaik\Desktop\IK\10. git\2020_winter_vacation\K_Algorithm\exercise_02\quiz01\quiz01\quiz01.cpp(8,12): error C2143:  syntax error: missing ';' before '<'
C:\Users\Jeaik\Desktop\IK\10. git\2020_winter_vacation\K_Algorithm\exercise_02\quiz01\quiz01\quiz01.cpp(8,12): error C4430:  missing type specifier - int assumed. Note: C++ does not support default-int
C:\Users\Jeaik\Desktop\IK\10. git\2020_winter_vacation\K_Algorithm\exercise_02\quiz01\quiz01\quiz01.cpp(8,18): error C2039:  'vector': is not a member of 'std'
C:\Program Files (x86)\Microsoft Visual Studio\2019\Community\VC\Tools\MSVC\14.22.27905\include\iostream(14): message :  see declaration of 'std'
C:\Users\Jeaik\Desktop\IK\10. git\2020_winter_vacation\K_Algorithm\exercise_02\quiz01\quiz01\quiz01.cpp(9,20): error C2039:  'vector': is not a member of 'std'
C:\Program Files (x86)\Microsoft Visual Studio\2019\Community\VC\Tools\MSVC\14.22.27905\include\iostream(14): message :  see declaration of 'std'
C:\Users\Jeaik\Desktop\IK\10. git\2020_winter_vacation\K_Algorithm\exercise_02\quiz01\quiz01\quiz01.cpp(9,32): error C2039:  'vector': is not a member of 'std'
C:\Program Files (x86)\Microsoft Visual Studio\2019\Community\VC\Tools\MSVC\14.22.27905\include\iostream(14): message :  see declaration of 'std'
C:\Users\Jeaik\Desktop\IK\10. git\2020_winter_vacation\K_Algorithm\exercise_02\quiz01\quiz01\quiz01.cpp(9,42): error C2062:  type 'int' unexpected
C:\Users\Jeaik\Desktop\IK\10. git\2020_winter_vacation\K_Algorithm\exercise_02\quiz01\quiz01\quiz01.cpp(19,8): error C2039:  'vector': is not a member of 'std'
C:\Program Files (x86)\Microsoft Visual Studio\2019\Community\VC\Tools\MSVC\14.22.27905\include\iostream(14): message :  see declaration of 'std'
C:\Users\Jeaik\Desktop\IK\10. git\2020_winter_vacation\K_Algorithm\exercise_02\quiz01\quiz01\quiz01.cpp(19,20): error C2039:  'vector': is not a member of 'std'
C:\Program Files (x86)\Microsoft Visual Studio\2019\Community\VC\Tools\MSVC\14.22.27905\include\iostream(14): message :  see declaration of 'std'
C:\Users\Jeaik\Desktop\IK\10. git\2020_winter_vacation\K_Algorithm\exercise_02\quiz01\quiz01\quiz01.cpp(19,30): error C2062:  type 'int' unexpected
C:\Users\Jeaik\Desktop\IK\10. git\2020_winter_vacation\K_Algorithm\exercise_02\quiz01\quiz01\quiz01.cpp(21,26): error C2065:  'mirro': undeclared identifier
C:\Users\Jeaik\Desktop\IK\10. git\2020_winter_vacation\K_Algorithm\exercise_02\quiz01\quiz01\quiz01.cpp(21,16): error C3861:  'get_track': identifier not found
C:\Users\Jeaik\Desktop\IK\10. git\2020_winter_vacation\K_Algorithm\exercise_02\quiz01\quiz01\quiz01.cpp(27,6): error C2039:  'vector': is not a member of 'std'
C:\Program Files (x86)\Microsoft Visual Studio\2019\Community\VC\Tools\MSVC\14.22.27905\include\iostream(14): message :  see declaration of 'std'
C:\Users\Jeaik\Desktop\IK\10. git\2020_winter_vacation\K_Algorithm\exercise_02\quiz01\quiz01\quiz01.cpp(27,12): error C2143:  syntax error: missing ';' before '<'
C:\Users\Jeaik\Desktop\IK\10. git\2020_winter_vacation\K_Algorithm\exercise_02\quiz01\quiz01\quiz01.cpp(27,12): error C4430:  missing type specifier - int assumed. Note: C++ does not support default-int
C:\Users\Jeaik\Desktop\IK\10. git\2020_winter_vacation\K_Algorithm\exercise_02\quiz01\quiz01\quiz01.cpp(27,12): error C2086:  'int vector': redefinition
C:\Users\Jeaik\Desktop\IK\10. git\2020_winter_vacation\K_Algorithm\exercise_02\quiz01\quiz01\quiz01.cpp(8): message :  see declaration of 'vector'
C:\Users\Jeaik\Desktop\IK\10. git\2020_winter_vacation\K_Algorithm\exercise_02\quiz01\quiz01\quiz01.cpp(27,18): error C2039:  'vector': is not a member of 'std'
C:\Program Files (x86)\Microsoft Visual Studio\2019\Community\VC\Tools\MSVC\14.22.27905\include\iostream(14): message :  see declaration of 'std'
C:\Users\Jeaik\Desktop\IK\10. git\2020_winter_vacation\K_Algorithm\exercise_02\quiz01\quiz01\quiz01.cpp(27,48): error C2143:  syntax error: missing ';' before '{'
C:\Users\Jeaik\Desktop\IK\10. git\2020_winter_vacation\K_Algorithm\exercise_02\quiz01\quiz01\quiz01.cpp(27,48): error C2447:  '{': missing function header (old-style formal list?)
C:\Users\Jeaik\Desktop\IK\10. git\2020_winter_vacation\K_Algorithm\exercise_02\quiz01\quiz01\quiz01.cpp(44,20): error C2039:  'vector': is not a member of 'std'
C:\Program Files (x86)\Microsoft Visual Studio\2019\Community\VC\Tools\MSVC\14.22.27905\include\iostream(14): message :  see declaration of 'std'
C:\Users\Jeaik\Desktop\IK\10. git\2020_winter_vacation\K_Algorithm\exercise_02\quiz01\quiz01\quiz01.cpp(44,32): error C2039:  'vector': is not a member of 'std'
C:\Program Files (x86)\Microsoft Visual Studio\2019\Community\VC\Tools\MSVC\14.22.27905\include\iostream(14): message :  see declaration of 'std'
C:\Users\Jeaik\Desktop\IK\10. git\2020_winter_vacation\K_Algorithm\exercise_02\quiz01\quiz01\quiz01.cpp(44,42): error C2062:  type 'int' unexpected
C:\Users\Jeaik\Desktop\IK\10. git\2020_winter_vacation\K_Algorithm\exercise_02\quiz01\quiz01\quiz01.cpp(44,66): error C2143:  syntax error: missing ';' before '{'
C:\Users\Jeaik\Desktop\IK\10. git\2020_winter_vacation\K_Algorithm\exercise_02\quiz01\quiz01\quiz01.cpp(44,66): error C2447:  '{': missing function header (old-style formal list?)
